<?xml version="1.0" encoding="UTF-8"?>
<robot generator="Robot 7.0 (Python 3.10.12 on linux)" generated="2024-02-23T12:10:45.708271" rpa="false" schemaversion="5">
<suite id="s1" name="Tc01" source="/home/wellington/projetos/automacao/py/automationexercise/tests/tc01.robot">
<test id="s1-t1" name="TC01" line="6">
<kw name="Dado que eu acesse o automationexercise" owner="login_keywords">
<kw name="Open Browser" owner="SeleniumLibrary">
<msg time="2024-02-23T12:10:45.950181" level="INFO">Opening browser 'HeadlessChrome' to base url 'http://automationexercise.com'.</msg>
<arg>${URL}</arg>
<arg>${Browser}</arg>
<arg>headless=True</arg>
<doc>Opens a new browser instance to the optional ``url``.</doc>
<status status="PASS" start="2024-02-23T12:10:45.949875" elapsed="4.079422"/>
</kw>
<status status="PASS" start="2024-02-23T12:10:45.949208" elapsed="4.080400"/>
</kw>
<kw name="E faça o Login" owner="login_keywords">
<kw name="Wait Until Element Is Visible" owner="SeleniumLibrary">
<arg>${Login.A_OpcaoLogin}</arg>
<arg>10</arg>
<doc>Waits until the element ``locator`` is visible.</doc>
<status status="PASS" start="2024-02-23T12:10:50.030603" elapsed="0.023563"/>
</kw>
<kw name="Click Element" owner="SeleniumLibrary">
<msg time="2024-02-23T12:10:50.055068" level="INFO">Clicking element '(//a[@href="/login"])'.</msg>
<arg>${Login.A_OpcaoLogin}</arg>
<doc>Click the element identified by ``locator``.</doc>
<status status="PASS" start="2024-02-23T12:10:50.054515" elapsed="1.595145"/>
</kw>
<kw name="Wait Until Element Is Visible" owner="SeleniumLibrary">
<arg>${Login.Input_EmailLogin}</arg>
<arg>10</arg>
<doc>Waits until the element ``locator`` is visible.</doc>
<status status="PASS" start="2024-02-23T12:10:51.649995" elapsed="0.014642"/>
</kw>
<kw name="Input Text" owner="SeleniumLibrary">
<msg time="2024-02-23T12:10:51.665561" level="INFO">Typing text 'wellingtondeoliveirasanto@gmail.com' into text field '//input[@data-qa="login-email"]'.</msg>
<arg>${Login.Input_EmailLogin}</arg>
<arg>${Email}</arg>
<doc>Types the given ``text`` into the text field identified by ``locator``.</doc>
<status status="PASS" start="2024-02-23T12:10:51.664980" elapsed="0.056184"/>
</kw>
<kw name="Wait Until Element Is Visible" owner="SeleniumLibrary">
<arg>${Login.Input_SenhaLogin}</arg>
<arg>10</arg>
<doc>Waits until the element ``locator`` is visible.</doc>
<status status="PASS" start="2024-02-23T12:10:51.721502" elapsed="0.012257"/>
</kw>
<kw name="Input Text" owner="SeleniumLibrary">
<msg time="2024-02-23T12:10:51.734670" level="INFO">Typing text 'datum' into text field '//input[@data-qa="login-password"]'.</msg>
<arg>${Login.Input_SenhaLogin}</arg>
<arg>${Senha}</arg>
<doc>Types the given ``text`` into the text field identified by ``locator``.</doc>
<status status="PASS" start="2024-02-23T12:10:51.734095" elapsed="0.060450"/>
</kw>
<kw name="Wait Until Element Is Visible" owner="SeleniumLibrary">
<arg>${Login.Button_Logar}</arg>
<arg>10</arg>
<doc>Waits until the element ``locator`` is visible.</doc>
<status status="PASS" start="2024-02-23T12:10:51.795005" elapsed="0.015613"/>
</kw>
<kw name="Click Element" owner="SeleniumLibrary">
<msg time="2024-02-23T12:10:51.811567" level="INFO">Clicking element '//button[@data-qa="login-button"]'.</msg>
<arg>${Login.Button_Logar}</arg>
<doc>Click the element identified by ``locator``.</doc>
<status status="PASS" start="2024-02-23T12:10:51.810961" elapsed="2.602257"/>
</kw>
<status status="PASS" start="2024-02-23T12:10:50.030106" elapsed="4.383438"/>
</kw>
<kw name="E fecho o navegador" owner="login_keywords">
<kw name="Close Browser" owner="SeleniumLibrary">
<doc>Closes the current browser.</doc>
<status status="PASS" start="2024-02-23T12:10:54.414567" elapsed="0.065401"/>
</kw>
<status status="PASS" start="2024-02-23T12:10:54.414072" elapsed="0.066217"/>
</kw>
<status status="PASS" start="2024-02-23T12:10:45.948630" elapsed="8.532100"/>
</test>
<status status="PASS" start="2024-02-23T12:10:45.712386" elapsed="8.769005"/>
</suite>
<statistics>
<total>
<stat pass="1" fail="0" skip="0">All Tests</stat>
</total>
<tag>
</tag>
<suite>
<stat pass="1" fail="0" skip="0" id="s1" name="Tc01">Tc01</stat>
</suite>
</statistics>
<errors>
</errors>
</robot>
