<?xml version="1.0" encoding="UTF-8"?>
<robot generator="Robot 7.0 (Python 3.10.12 on linux)" generated="2024-02-22T22:55:14.758218" rpa="false" schemaversion="5">
<suite id="s1" name="Tc01" source="/home/wellington/projetos/automacao/py/automationexercise/tests/tc01.robot">
<test id="s1-t1" name="TC01" line="5">
<kw name="Dado que eu acesse o automationexercise" owner="login_keywords">
<kw name="Open Browser" owner="SeleniumLibrary">
<msg time="2024-02-22T22:55:14.843883" level="INFO">Opening browser 'chrome' to base url 'http://automationexercise.com'.</msg>
<arg>${URL}</arg>
<arg>${Browser}</arg>
<arg>HeadlessChrome</arg>
<doc>Opens a new browser instance to the optional ``url``.</doc>
<status status="PASS" start="2024-02-22T22:55:14.843644" elapsed="3.884285"/>
</kw>
<kw name="Maximize Browser Window" owner="SeleniumLibrary">
<doc>Maximizes current browser window.</doc>
<status status="PASS" start="2024-02-22T22:55:18.728188" elapsed="0.102142"/>
</kw>
<status status="PASS" start="2024-02-22T22:55:14.843065" elapsed="3.987412"/>
</kw>
<kw name="E faça o Login" owner="login_keywords">
<kw name="Wait Until Element Is Visible" owner="SeleniumLibrary">
<arg>${Login.A_OpcaoLogin}</arg>
<arg>10</arg>
<doc>Waits until the element ``locator`` is visible.</doc>
<status status="PASS" start="2024-02-22T22:55:18.831024" elapsed="0.017791"/>
</kw>
<kw name="Click Element" owner="SeleniumLibrary">
<msg time="2024-02-22T22:55:18.849672" level="INFO">Clicking element '(//a[@href="/login"])'.</msg>
<arg>${Login.A_OpcaoLogin}</arg>
<doc>Click the element identified by ``locator``.</doc>
<status status="PASS" start="2024-02-22T22:55:18.849118" elapsed="2.230102"/>
</kw>
<kw name="Wait Until Element Is Visible" owner="SeleniumLibrary">
<arg>${Login.Input_EmailLogin}</arg>
<arg>10</arg>
<doc>Waits until the element ``locator`` is visible.</doc>
<status status="PASS" start="2024-02-22T22:55:21.079467" elapsed="0.016877"/>
</kw>
<kw name="Input Text" owner="SeleniumLibrary">
<msg time="2024-02-22T22:55:21.097116" level="INFO">Typing text 'wellingtondeoliveirasanto@gmail.com' into text field '//input[@data-qa="login-email"]'.</msg>
<arg>${Login.Input_EmailLogin}</arg>
<arg>${Email}</arg>
<doc>Types the given ``text`` into the text field identified by ``locator``.</doc>
<status status="PASS" start="2024-02-22T22:55:21.096590" elapsed="0.071017"/>
</kw>
<kw name="Wait Until Element Is Visible" owner="SeleniumLibrary">
<arg>${Login.Input_SenhaLogin}</arg>
<arg>10</arg>
<doc>Waits until the element ``locator`` is visible.</doc>
<status status="PASS" start="2024-02-22T22:55:21.167831" elapsed="0.022788"/>
</kw>
<kw name="Input Text" owner="SeleniumLibrary">
<msg time="2024-02-22T22:55:21.191551" level="INFO">Typing text 'datum' into text field '//input[@data-qa="login-password"]'.</msg>
<arg>${Login.Input_SenhaLogin}</arg>
<arg>${Senha}</arg>
<doc>Types the given ``text`` into the text field identified by ``locator``.</doc>
<status status="PASS" start="2024-02-22T22:55:21.190921" elapsed="0.039201"/>
</kw>
<kw name="Wait Until Element Is Visible" owner="SeleniumLibrary">
<arg>${Login.Button_Logar}</arg>
<arg>10</arg>
<doc>Waits until the element ``locator`` is visible.</doc>
<status status="PASS" start="2024-02-22T22:55:21.230410" elapsed="0.013805"/>
</kw>
<kw name="Click Element" owner="SeleniumLibrary">
<msg time="2024-02-22T22:55:21.244945" level="INFO">Clicking element '//button[@data-qa="login-button"]'.</msg>
<arg>${Login.Button_Logar}</arg>
<doc>Click the element identified by ``locator``.</doc>
<status status="PASS" start="2024-02-22T22:55:21.244454" elapsed="2.216490"/>
</kw>
<status status="PASS" start="2024-02-22T22:55:18.830769" elapsed="4.630363"/>
</kw>
<kw name="E fecho o navegador" owner="login_keywords">
<kw name="Close Browser" owner="SeleniumLibrary">
<doc>Closes the current browser.</doc>
<status status="PASS" start="2024-02-22T22:55:23.461879" elapsed="0.068140"/>
</kw>
<status status="PASS" start="2024-02-22T22:55:23.461485" elapsed="0.068668"/>
</kw>
<status status="PASS" start="2024-02-22T22:55:14.842586" elapsed="8.687773"/>
</test>
<status status="PASS" start="2024-02-22T22:55:14.758911" elapsed="8.771808"/>
</suite>
<statistics>
<total>
<stat pass="1" fail="0" skip="0">All Tests</stat>
</total>
<tag>
</tag>
<suite>
<stat pass="1" fail="0" skip="0" id="s1" name="Tc01">Tc01</stat>
</suite>
</statistics>
<errors>
</errors>
</robot>
